mode: set
github.com/guilhermeonrails/api-go-gin/database/db.go:18.31,25.72 6 0
github.com/guilhermeonrails/api-go-gin/database/db.go:25.72,27.6 1 0
github.com/guilhermeonrails/api-go-gin/database/db.go:29.2,35.16 4 0
github.com/guilhermeonrails/api-go-gin/database/db.go:35.16,37.3 1 0
github.com/guilhermeonrails/api-go-gin/database/db.go:38.2,38.37 1 0
github.com/guilhermeonrails/api-go-gin/models/alunos.go:15.45,16.50 1 0
github.com/guilhermeonrails/api-go-gin/models/alunos.go:16.50,18.3 1 0
github.com/guilhermeonrails/api-go-gin/models/alunos.go:19.2,19.12 1 0
github.com/guilhermeonrails/api-go-gin/routes/route.go:8.22,23.2 14 0
github.com/guilhermeonrails/api-go-gin/controllers/controller.go:10.32,15.2 2 0
github.com/guilhermeonrails/api-go-gin/controllers/controller.go:17.34,21.2 3 0
github.com/guilhermeonrails/api-go-gin/controllers/controller.go:23.37,25.49 2 0
github.com/guilhermeonrails/api-go-gin/controllers/controller.go:25.49,29.3 2 0
github.com/guilhermeonrails/api-go-gin/controllers/controller.go:30.2,30.58 1 0
github.com/guilhermeonrails/api-go-gin/controllers/controller.go:30.58,34.3 2 0
github.com/guilhermeonrails/api-go-gin/controllers/controller.go:35.2,36.30 2 0
github.com/guilhermeonrails/api-go-gin/controllers/controller.go:39.39,43.19 4 0
github.com/guilhermeonrails/api-go-gin/controllers/controller.go:43.19,47.3 2 0
github.com/guilhermeonrails/api-go-gin/controllers/controller.go:48.2,48.30 1 0
github.com/guilhermeonrails/api-go-gin/controllers/controller.go:51.35,56.2 4 0
github.com/guilhermeonrails/api-go-gin/controllers/controller.go:58.34,62.49 4 0
github.com/guilhermeonrails/api-go-gin/controllers/controller.go:62.49,66.3 2 0
github.com/guilhermeonrails/api-go-gin/controllers/controller.go:67.2,67.58 1 0
github.com/guilhermeonrails/api-go-gin/controllers/controller.go:67.58,71.3 2 0
github.com/guilhermeonrails/api-go-gin/controllers/controller.go:72.2,73.30 2 0
github.com/guilhermeonrails/api-go-gin/controllers/controller.go:76.39,81.19 4 0
github.com/guilhermeonrails/api-go-gin/controllers/controller.go:81.19,85.3 2 0
github.com/guilhermeonrails/api-go-gin/controllers/controller.go:86.2,86.30 1 0
github.com/guilhermeonrails/api-go-gin/controllers/controller.go:89.39,95.2 3 0
github.com/guilhermeonrails/api-go-gin/controllers/controller.go:97.40,99.2 1 0
github.com/guilhermeonrails/api-go-gin/main.go:8.13,11.2 2 0
github.com/guilhermeonrails/api-go-gin/controllers/controller.go:10.32,15.2 2 1
github.com/guilhermeonrails/api-go-gin/controllers/controller.go:17.34,21.2 3 1
github.com/guilhermeonrails/api-go-gin/controllers/controller.go:23.37,25.49 2 0
github.com/guilhermeonrails/api-go-gin/controllers/controller.go:25.49,29.3 2 0
github.com/guilhermeonrails/api-go-gin/controllers/controller.go:30.2,30.58 1 0
github.com/guilhermeonrails/api-go-gin/controllers/controller.go:30.58,34.3 2 0
github.com/guilhermeonrails/api-go-gin/controllers/controller.go:35.2,36.30 2 0
github.com/guilhermeonrails/api-go-gin/controllers/controller.go:39.39,43.19 4 1
github.com/guilhermeonrails/api-go-gin/controllers/controller.go:43.19,47.3 2 0
github.com/guilhermeonrails/api-go-gin/controllers/controller.go:48.2,48.30 1 1
github.com/guilhermeonrails/api-go-gin/controllers/controller.go:51.35,56.2 4 1
github.com/guilhermeonrails/api-go-gin/controllers/controller.go:58.34,62.49 4 1
github.com/guilhermeonrails/api-go-gin/controllers/controller.go:62.49,66.3 2 0
github.com/guilhermeonrails/api-go-gin/controllers/controller.go:67.2,67.58 1 1
github.com/guilhermeonrails/api-go-gin/controllers/controller.go:67.58,71.3 2 0
github.com/guilhermeonrails/api-go-gin/controllers/controller.go:72.2,73.30 2 1
github.com/guilhermeonrails/api-go-gin/controllers/controller.go:76.39,81.19 4 1
github.com/guilhermeonrails/api-go-gin/controllers/controller.go:81.19,85.3 2 0
github.com/guilhermeonrails/api-go-gin/controllers/controller.go:86.2,86.30 1 1
github.com/guilhermeonrails/api-go-gin/controllers/controller.go:89.39,95.2 3 0
github.com/guilhermeonrails/api-go-gin/controllers/controller.go:97.40,99.2 1 0
github.com/guilhermeonrails/api-go-gin/database/db.go:18.31,25.72 6 1
github.com/guilhermeonrails/api-go-gin/database/db.go:25.72,27.6 1 0
github.com/guilhermeonrails/api-go-gin/database/db.go:29.2,35.16 4 1
github.com/guilhermeonrails/api-go-gin/database/db.go:35.16,37.3 1 0
github.com/guilhermeonrails/api-go-gin/database/db.go:38.2,38.37 1 1
github.com/guilhermeonrails/api-go-gin/models/alunos.go:15.45,16.50 1 1
github.com/guilhermeonrails/api-go-gin/models/alunos.go:16.50,18.3 1 0
github.com/guilhermeonrails/api-go-gin/models/alunos.go:19.2,19.12 1 1
github.com/guilhermeonrails/api-go-gin/routes/route.go:8.22,23.2 14 0
